0 info it worked if it ends with ok
1 verbose cli [ '/usr/local/bin/node',
1 verbose cli   '/usr/local/bin/npm',
1 verbose cli   'install',
1 verbose cli   'node-bitters' ]
2 info using npm@2.14.4
3 info using node@v4.1.1
4 verbose install initial load of /Users/tom/Documents/Themes/lscloud-theme-bones/package.json
5 verbose installManyTop reading scoped package data from /Users/tom/Documents/Themes/lscloud-theme-bones/node_modules/concat/package.json
6 verbose installManyTop reading scoped package data from /Users/tom/Documents/Themes/lscloud-theme-bones/node_modules/gulp-concat/package.json
7 verbose installManyTop reading scoped package data from /Users/tom/Documents/Themes/lscloud-theme-bones/node_modules/gulp-jshint/package.json
8 verbose installManyTop reading scoped package data from /Users/tom/Documents/Themes/lscloud-theme-bones/node_modules/gulp-minify-css/package.json
9 verbose installManyTop reading scoped package data from /Users/tom/Documents/Themes/lscloud-theme-bones/node_modules/gulp-notify/package.json
10 verbose installManyTop reading scoped package data from /Users/tom/Documents/Themes/lscloud-theme-bones/node_modules/gulp-rename/package.json
11 verbose installManyTop reading scoped package data from /Users/tom/Documents/Themes/lscloud-theme-bones/node_modules/gulp-sass/package.json
12 verbose installManyTop reading scoped package data from /Users/tom/Documents/Themes/lscloud-theme-bones/node_modules/gulp-uglify/package.json
13 verbose installManyTop reading scoped package data from /Users/tom/Documents/Themes/lscloud-theme-bones/node_modules/node-bourbon/package.json
14 verbose installManyTop reading scoped package data from /Users/tom/Documents/Themes/lscloud-theme-bones/node_modules/node-neat/package.json
15 info package.json concat@1.0.0 license should be a valid SPDX license expression
16 info package.json gulp-notify@2.2.0 No license field.
17 info package.json gulp-rename@1.2.2 No license field.
18 verbose readDependencies loading dependencies from /Users/tom/Documents/Themes/lscloud-theme-bones/package.json
19 silly cache add args [ 'node-bitters', null ]
20 verbose cache add spec node-bitters
21 silly cache add parsed spec Result {
21 silly cache add   raw: 'node-bitters',
21 silly cache add   scope: null,
21 silly cache add   name: 'node-bitters',
21 silly cache add   rawSpec: '',
21 silly cache add   spec: '*',
21 silly cache add   type: 'range' }
22 silly addNamed node-bitters@*
23 verbose addNamed "*" is a valid semver range for node-bitters
24 silly addNameRange { name: 'node-bitters', range: '*', hasData: false }
25 silly mapToRegistry name node-bitters
26 silly mapToRegistry using default registry
27 silly mapToRegistry registry https://registry.npmjs.org/
28 silly mapToRegistry uri https://registry.npmjs.org/node-bitters
29 verbose addNameRange registry:https://registry.npmjs.org/node-bitters not in flight; fetching
30 verbose request uri https://registry.npmjs.org/node-bitters
31 verbose request no auth needed
32 info attempt registry request try #1 at 12:49:54 PM
33 verbose request id 3d899a8b86ef6fdc
34 http request GET https://registry.npmjs.org/node-bitters
35 http 404 https://registry.npmjs.org/node-bitters
36 verbose headers { 'content-type': 'application/json',
36 verbose headers   'cache-control': 'max-age=0',
36 verbose headers   'content-length': '2',
36 verbose headers   'accept-ranges': 'bytes',
36 verbose headers   date: 'Wed, 21 Oct 2015 19:49:55 GMT',
36 verbose headers   via: '1.1 varnish',
36 verbose headers   age: '0',
36 verbose headers   connection: 'keep-alive',
36 verbose headers   'x-served-by': 'cache-lax1428-LAX',
36 verbose headers   'x-cache': 'MISS',
36 verbose headers   'x-cache-hits': '0',
36 verbose headers   'x-timer': 'S1445456995.582972,VS0,VE47' }
37 silly get cb [ 404,
37 silly get   { 'content-type': 'application/json',
37 silly get     'cache-control': 'max-age=0',
37 silly get     'content-length': '2',
37 silly get     'accept-ranges': 'bytes',
37 silly get     date: 'Wed, 21 Oct 2015 19:49:55 GMT',
37 silly get     via: '1.1 varnish',
37 silly get     age: '0',
37 silly get     connection: 'keep-alive',
37 silly get     'x-served-by': 'cache-lax1428-LAX',
37 silly get     'x-cache': 'MISS',
37 silly get     'x-cache-hits': '0',
37 silly get     'x-timer': 'S1445456995.582972,VS0,VE47' } ]
38 verbose stack Error: Registry returned 404 for GET on https://registry.npmjs.org/node-bitters
38 verbose stack     at makeError (/usr/local/lib/node_modules/npm/node_modules/npm-registry-client/lib/request.js:263:12)
38 verbose stack     at CachingRegistryClient.<anonymous> (/usr/local/lib/node_modules/npm/node_modules/npm-registry-client/lib/request.js:241:14)
38 verbose stack     at Request._callback (/usr/local/lib/node_modules/npm/node_modules/npm-registry-client/lib/request.js:171:14)
38 verbose stack     at Request.self.callback (/usr/local/lib/node_modules/npm/node_modules/request/request.js:198:22)
38 verbose stack     at emitTwo (events.js:87:13)
38 verbose stack     at Request.emit (events.js:172:7)
38 verbose stack     at Request.<anonymous> (/usr/local/lib/node_modules/npm/node_modules/request/request.js:1073:14)
38 verbose stack     at emitOne (events.js:82:20)
38 verbose stack     at Request.emit (events.js:169:7)
38 verbose stack     at IncomingMessage.<anonymous> (/usr/local/lib/node_modules/npm/node_modules/request/request.js:1019:12)
39 verbose statusCode 404
40 verbose pkgid node-bitters
41 verbose cwd /Users/tom/Documents/Themes/lscloud-theme-bones
42 error Darwin 14.5.0
43 error argv "/usr/local/bin/node" "/usr/local/bin/npm" "install" "node-bitters"
44 error node v4.1.1
45 error npm  v2.14.4
46 error code E404
47 error 404 Registry returned 404 for GET on https://registry.npmjs.org/node-bitters
47 error 404
47 error 404 'node-bitters' is not in the npm registry.
47 error 404 You should bug the author to publish it (or use the name yourself!)
47 error 404 It was specified as a dependency of 'lscloud-theme-bones'
47 error 404
47 error 404 Note that you can also install from a
47 error 404 tarball, folder, http url, or git url.
48 verbose exit [ 1, true ]
